<?xml version="1.0" encoding="UTF-8"?>
<testng-results ignored="0" total="1" passed="1" failed="0" skipped="0">
  <reporter-output>
  </reporter-output>
  <suite started-at="2025-06-27T13:15:25 IST" name="Suite" finished-at="2025-06-27T13:15:37 IST" duration-ms="11489">
    <groups>
      <group name="Sanity">
        <method signature="TestCase02_loginpage.login()[pri:0, instance:TestCases.TestCase02_loginpage@40db2a24]" name="login" class="TestCases.TestCase02_loginpage"/>
      </group> <!-- Sanity -->
    </groups>
    <test started-at="2025-06-27T13:15:25 IST" name="Test" finished-at="2025-06-27T13:15:37 IST" duration-ms="11489">
      <class name="TestCases.TestCase02_loginpage">
        <test-method is-config="true" signature="setup(java.lang.String,java.lang.String,java.lang.String)[pri:0, instance:TestCases.TestCase02_loginpage@40db2a24]" started-at="2025-06-27T13:15:26 IST" name="setup" finished-at="2025-06-27T13:15:33 IST" duration-ms="7428" status="PASS">
          <params>
            <param index="0">
              <value>
                <![CDATA[windows]]>
              </value>
            </param>
            <param index="1">
              <value>
                <![CDATA[chrome]]>
              </value>
            </param>
            <param index="2">
              <value>
                <![CDATA[Manu]]>
              </value>
            </param>
          </params>
          <reporter-output>
          </reporter-output>
        </test-method> <!-- setup -->
        <test-method signature="login()[pri:0, instance:TestCases.TestCase02_loginpage@40db2a24]" started-at="2025-06-27T13:15:33 IST" name="login" finished-at="2025-06-27T13:15:37 IST" duration-ms="3593" status="PASS">
          <reporter-output>
          </reporter-output>
        </test-method> <!-- login -->
      </class> <!-- TestCases.TestCase02_loginpage -->
    </test> <!-- Test -->
  </suite> <!-- Suite -->
</testng-results>
